{"timestamp": "2026-04-16T22:46:31.009967", "variant": "intent-v1", "input": "3 bed 2 bath house in NridgHt", "raw_output": "GROQ_API_KEY environment variable not set", "validation_result": "fallback:prediction"}
{"timestamp": "2026-04-16T22:46:31.012182", "variant": "extraction-v1", "input": "3 bed 2 bath house in NridgHt", "raw_output": "GROQ_API_KEY environment variable not set", "validation_result": "fallback:all-assumed (GroqError)"}
{"timestamp": "2026-04-16T22:46:31.023565", "variant": "prediction-v1", "input": "3 bed 2 bath house in NridgHt", "raw_output": "GROQ_API_KEY environment variable not set", "validation_result": "fallback:minimal (GroqError)"}
{"timestamp": "2026-04-16T22:46:31.032742", "variant": "intent-v1", "input": "small condo downtown", "raw_output": "GROQ_API_KEY environment variable not set", "validation_result": "fallback:prediction"}
{"timestamp": "2026-04-16T22:46:31.033816", "variant": "extraction-v1", "input": "small condo downtown", "raw_output": "GROQ_API_KEY environment variable not set", "validation_result": "fallback:all-assumed (GroqError)"}
{"timestamp": "2026-04-16T22:46:31.043490", "variant": "prediction-v1", "input": "small condo downtown", "raw_output": "GROQ_API_KEY environment variable not set", "validation_result": "fallback:minimal (GroqError)"}
{"timestamp": "2026-04-16T22:46:31.051466", "variant": "intent-v1", "input": "2 bed ranch style", "raw_output": "GROQ_API_KEY environment variable not set", "validation_result": "fallback:prediction"}
{"timestamp": "2026-04-16T22:46:31.052451", "variant": "extraction-v1", "input": "2 bed ranch style", "raw_output": "GROQ_API_KEY environment variable not set", "validation_result": "fallback:all-assumed (GroqError)"}
{"timestamp": "2026-04-16T22:46:31.062119", "variant": "prediction-v1", "input": "2 bed ranch style", "raw_output": "GROQ_API_KEY environment variable not set", "validation_result": "fallback:minimal (GroqError)"}
{"timestamp": "2026-04-17T01:01:58.949567", "variant": "intent-v1", "input": "3 bed 2 bath house in NridgHt", "raw_output": "GROQ_API_KEY environment variable not set", "validation_result": "fallback:prediction"}
{"timestamp": "2026-04-17T01:01:58.951277", "variant": "extraction-v1", "input": "3 bed 2 bath house in NridgHt", "raw_output": "GROQ_API_KEY environment variable not set", "validation_result": "fallback:all-assumed (GroqError)"}
{"timestamp": "2026-04-17T01:01:58.961472", "variant": "prediction-v1", "input": "3 bed 2 bath house in NridgHt", "raw_output": "GROQ_API_KEY environment variable not set", "validation_result": "fallback:minimal (GroqError)"}
{"timestamp": "2026-04-17T01:01:58.970073", "variant": "intent-v1", "input": "small condo downtown", "raw_output": "GROQ_API_KEY environment variable not set", "validation_result": "fallback:prediction"}
{"timestamp": "2026-04-17T01:01:58.971247", "variant": "extraction-v1", "input": "small condo downtown", "raw_output": "GROQ_API_KEY environment variable not set", "validation_result": "fallback:all-assumed (GroqError)"}
{"timestamp": "2026-04-17T01:01:58.979956", "variant": "prediction-v1", "input": "small condo downtown", "raw_output": "GROQ_API_KEY environment variable not set", "validation_result": "fallback:minimal (GroqError)"}
{"timestamp": "2026-04-17T01:01:58.988696", "variant": "intent-v1", "input": "2 bed ranch style", "raw_output": "GROQ_API_KEY environment variable not set", "validation_result": "fallback:prediction"}
{"timestamp": "2026-04-17T01:01:58.989802", "variant": "extraction-v1", "input": "2 bed ranch style", "raw_output": "GROQ_API_KEY environment variable not set", "validation_result": "fallback:all-assumed (GroqError)"}
{"timestamp": "2026-04-17T01:01:58.998879", "variant": "prediction-v1", "input": "2 bed ranch style", "raw_output": "GROQ_API_KEY environment variable not set", "validation_result": "fallback:minimal (GroqError)"}
{"timestamp": "2026-04-17T01:02:33.181601", "variant": "intent-v1", "input": "3 bed 2 bath house in NridgHt", "raw_output": "GROQ_API_KEY environment variable not set", "validation_result": "fallback:prediction"}
{"timestamp": "2026-04-17T01:02:33.183023", "variant": "extraction-v1", "input": "3 bed 2 bath house in NridgHt", "raw_output": "GROQ_API_KEY environment variable not set", "validation_result": "fallback:all-assumed (GroqError)"}
{"timestamp": "2026-04-17T01:02:33.193759", "variant": "prediction-v1", "input": "3 bed 2 bath house in NridgHt", "raw_output": "GROQ_API_KEY environment variable not set", "validation_result": "fallback:minimal (GroqError)"}
{"timestamp": "2026-04-17T01:02:33.204002", "variant": "intent-v1", "input": "small condo downtown", "raw_output": "GROQ_API_KEY environment variable not set", "validation_result": "fallback:prediction"}
{"timestamp": "2026-04-17T01:02:33.205027", "variant": "extraction-v1", "input": "small condo downtown", "raw_output": "GROQ_API_KEY environment variable not set", "validation_result": "fallback:all-assumed (GroqError)"}
{"timestamp": "2026-04-17T01:02:33.214351", "variant": "prediction-v1", "input": "small condo downtown", "raw_output": "GROQ_API_KEY environment variable not set", "validation_result": "fallback:minimal (GroqError)"}
{"timestamp": "2026-04-17T01:02:33.222504", "variant": "intent-v1", "input": "2 bed ranch style", "raw_output": "GROQ_API_KEY environment variable not set", "validation_result": "fallback:prediction"}
{"timestamp": "2026-04-17T01:02:33.223604", "variant": "extraction-v1", "input": "2 bed ranch style", "raw_output": "GROQ_API_KEY environment variable not set", "validation_result": "fallback:all-assumed (GroqError)"}
{"timestamp": "2026-04-17T01:02:33.232903", "variant": "prediction-v1", "input": "2 bed ranch style", "raw_output": "GROQ_API_KEY environment variable not set", "validation_result": "fallback:minimal (GroqError)"}
{"timestamp": "2026-04-17T01:35:49.207707", "variant": "intent-v1", "input": "test house", "raw_output": "GROQ_API_KEY environment variable not set", "validation_result": "fallback:prediction"}
{"timestamp": "2026-04-17T01:35:49.209285", "variant": "extraction-v1", "input": "test house", "raw_output": "GROQ_API_KEY environment variable not set", "validation_result": "fallback:all-assumed (GroqError)"}
{"timestamp": "2026-04-17T01:35:49.226428", "variant": "prediction-v1", "input": "test house", "raw_output": "GROQ_API_KEY environment variable not set", "validation_result": "fallback:minimal (GroqError)"}
{"timestamp": "2026-04-17T01:36:55.182270", "variant": "intent-v1", "input": "big house with 5 rooms\n", "raw_output": "GROQ_API_KEY environment variable not set", "validation_result": "fallback:prediction"}
{"timestamp": "2026-04-17T01:36:55.186270", "variant": "extraction-v1", "input": "big house with 5 rooms\n", "raw_output": "GROQ_API_KEY environment variable not set", "validation_result": "fallback:all-assumed (GroqError)"}
{"timestamp": "2026-04-17T01:36:55.215114", "variant": "prediction-v1", "input": "big house with 5 rooms\n", "raw_output": "GROQ_API_KEY environment variable not set", "validation_result": "fallback:minimal (GroqError)"}
